<?xml version="1.0" encoding="UTF-8"?>
<testng-results ignored="0" total="3" passed="3" failed="0" skipped="0">
  <reporter-output>
  </reporter-output>
  <suite started-at="2024-05-31T21:44:48Z" name="Default suite" finished-at="2024-05-31T21:45:35Z" duration-ms="46879">
    <groups>
    </groups>
    <test started-at="2024-05-31T21:44:48Z" name="Default test" finished-at="2024-05-31T21:45:35Z" duration-ms="46879">
      <class name="tendableWeb">
        <test-method signature="errormessage1()[pri:0, instance:tendableWeb@72cc7e6f]" started-at="2024-06-01T03:14:48Z" name="errormessage1" finished-at="2024-06-01T03:15:04Z" duration-ms="16040" status="PASS">
          <reporter-output>
          </reporter-output>
        </test-method> <!-- errormessage1 -->
        <test-method signature="errormessage2()[pri:0, instance:tendableWeb@72cc7e6f]" started-at="2024-06-01T03:15:04Z" name="errormessage2" finished-at="2024-06-01T03:15:19Z" duration-ms="14859" status="PASS">
          <reporter-output>
          </reporter-output>
        </test-method> <!-- errormessage2 -->
        <test-method signature="errormessage3()[pri:0, instance:tendableWeb@72cc7e6f]" started-at="2024-06-01T03:15:19Z" name="errormessage3" finished-at="2024-06-01T03:15:35Z" duration-ms="15968" status="PASS">
          <reporter-output>
          </reporter-output>
        </test-method> <!-- errormessage3 -->
      </class> <!-- tendableWeb -->
    </test> <!-- Default test -->
  </suite> <!-- Default suite -->
</testng-results>
