<?xml version="1.0" encoding="UTF-8"?>
<!-- Generated by org.testng.reporters.JUnitXMLReporter -->
<testsuite ignored="0" hostname="LAPTOP-2VFGD0K3" failures="0" tests="3" name="Default test" time="46.879" errors="0" timestamp="31 May 2024 21:45:35 GMT">
  <testcase classname="tendableWeb" name="errormessage1" time="16.04"/>
  <testcase classname="tendableWeb" name="errormessage2" time="14.859"/>
  <testcase classname="tendableWeb" name="errormessage3" time="15.968"/>
</testsuite> <!-- Default test -->
